02 08, 2022 18:20:11 下午 edu.hdu.G1g4locat.catalina.Context <init>
INFO : Deploying web application directory F:\dev\G1g4loCat\webapps\a
02 08, 2022 18:20:11 下午 edu.hdu.G1g4locat.catalina.Context <init>
INFO : Deploying of web application directory F:\dev\G1g4loCat\webapps\a has finished in 110 ms
02 08, 2022 18:20:11 下午 edu.hdu.G1g4locat.catalina.Context <init>
INFO : Deploying web application directory F:\dev\G1g4loCat\webapps\ROOT
02 08, 2022 18:20:11 下午 edu.hdu.G1g4locat.catalina.Context <init>
INFO : Deploying of web application directory F:\dev\G1g4loCat\webapps\ROOT has finished in 0 ms
02 08, 2022 18:20:11 下午 edu.hdu.G1g4locat.catalina.Context <init>
INFO : Deploying web application directory F:/dev/G1g4loCat/b
02 08, 2022 18:20:11 下午 edu.hdu.G1g4locat.catalina.Context <init>
INFO : Deploying of web application directory F:/dev/G1g4loCat/b has finished in 0 ms
02 08, 2022 18:20:11 下午 edu.hdu.G1g4locat.catalina.Server logJVM
INFO : Server version:		How2J DiyTomcat/1.0.1
02 08, 2022 18:20:11 下午 edu.hdu.G1g4locat.catalina.Server logJVM
INFO : Server built:		2020-04-08 10:20:22
02 08, 2022 18:20:11 下午 edu.hdu.G1g4locat.catalina.Server logJVM
INFO : Server number:		1.0.1
02 08, 2022 18:20:11 下午 edu.hdu.G1g4locat.catalina.Server logJVM
INFO : OS Name	:		Windows 10
02 08, 2022 18:20:11 下午 edu.hdu.G1g4locat.catalina.Server logJVM
INFO : OS Version:		10.0
02 08, 2022 18:20:11 下午 edu.hdu.G1g4locat.catalina.Server logJVM
INFO : Architecture:		amd64
02 08, 2022 18:20:11 下午 edu.hdu.G1g4locat.catalina.Server logJVM
INFO : Java Home:		D:\Develop\jdk-11.0.10
02 08, 2022 18:20:11 下午 edu.hdu.G1g4locat.catalina.Server logJVM
INFO : JVM Version:		11.0.10+8-LTS-162
02 08, 2022 18:20:11 下午 edu.hdu.G1g4locat.catalina.Server logJVM
INFO : JVM Vendor:		Oracle Corporation
02 08, 2022 20:02:04 下午 edu.hdu.G1g4locat.catalina.Context <init>
INFO : Deploying web application directory F:\dev\G1g4loCat\webapps\a
02 08, 2022 20:02:04 下午 edu.hdu.G1g4locat.catalina.Context <init>
INFO : Deploying of web application directory F:\dev\G1g4loCat\webapps\a has finished in 214 ms
02 08, 2022 20:02:04 下午 edu.hdu.G1g4locat.catalina.Context <init>
INFO : Deploying web application directory F:\dev\G1g4loCat\webapps\ROOT
02 08, 2022 20:02:04 下午 edu.hdu.G1g4locat.catalina.Context <init>
INFO : Deploying of web application directory F:\dev\G1g4loCat\webapps\ROOT has finished in 0 ms
02 08, 2022 20:02:04 下午 edu.hdu.G1g4locat.catalina.Context <init>
INFO : Deploying web application directory F:/dev/G1g4loCat/b
02 08, 2022 20:02:04 下午 edu.hdu.G1g4locat.catalina.Context <init>
INFO : Deploying of web application directory F:/dev/G1g4loCat/b has finished in 0 ms
02 08, 2022 20:02:04 下午 edu.hdu.G1g4locat.catalina.Server logJVM
INFO : Server version:		How2J DiyTomcat/1.0.1
02 08, 2022 20:02:04 下午 edu.hdu.G1g4locat.catalina.Server logJVM
INFO : Server built:		2020-04-08 10:20:22
02 08, 2022 20:02:04 下午 edu.hdu.G1g4locat.catalina.Server logJVM
INFO : Server number:		1.0.1
02 08, 2022 20:02:04 下午 edu.hdu.G1g4locat.catalina.Server logJVM
INFO : OS Name	:		Windows 10
02 08, 2022 20:02:04 下午 edu.hdu.G1g4locat.catalina.Server logJVM
INFO : OS Version:		10.0
02 08, 2022 20:02:04 下午 edu.hdu.G1g4locat.catalina.Server logJVM
INFO : Architecture:		amd64
02 08, 2022 20:02:04 下午 edu.hdu.G1g4locat.catalina.Server logJVM
INFO : Java Home:		D:\Develop\jdk-11.0.10
02 08, 2022 20:02:04 下午 edu.hdu.G1g4locat.catalina.Server logJVM
INFO : JVM Version:		11.0.10+8-LTS-162
02 08, 2022 20:02:04 下午 edu.hdu.G1g4locat.catalina.Server logJVM
INFO : JVM Vendor:		Oracle Corporation
02 08, 2022 20:14:56 下午 edu.hdu.G1g4locat.catalina.Context <init>
INFO : Deploying web application directory F:\dev\G1g4loCat\webapps\a
02 08, 2022 20:14:56 下午 edu.hdu.G1g4locat.catalina.Context <init>
INFO : Deploying of web application directory F:\dev\G1g4loCat\webapps\a has finished in 220 ms
02 08, 2022 20:14:56 下午 edu.hdu.G1g4locat.catalina.Context <init>
INFO : Deploying web application directory F:\dev\G1g4loCat\webapps\ROOT
02 08, 2022 20:14:56 下午 edu.hdu.G1g4locat.catalina.Context <init>
INFO : Deploying of web application directory F:\dev\G1g4loCat\webapps\ROOT has finished in 0 ms
02 08, 2022 20:14:56 下午 edu.hdu.G1g4locat.catalina.Context <init>
INFO : Deploying web application directory F:/dev/G1g4loCat/b
02 08, 2022 20:14:56 下午 edu.hdu.G1g4locat.catalina.Context <init>
INFO : Deploying of web application directory F:/dev/G1g4loCat/b has finished in 0 ms
02 08, 2022 20:14:56 下午 edu.hdu.G1g4locat.catalina.Server logJVM
INFO : Server version:		How2J DiyTomcat/1.0.1
02 08, 2022 20:14:56 下午 edu.hdu.G1g4locat.catalina.Server logJVM
INFO : Server built:		2020-04-08 10:20:22
02 08, 2022 20:14:56 下午 edu.hdu.G1g4locat.catalina.Server logJVM
INFO : Server number:		1.0.1
02 08, 2022 20:14:56 下午 edu.hdu.G1g4locat.catalina.Server logJVM
INFO : OS Name	:		Windows 10
02 08, 2022 20:14:56 下午 edu.hdu.G1g4locat.catalina.Server logJVM
INFO : OS Version:		10.0
02 08, 2022 20:14:56 下午 edu.hdu.G1g4locat.catalina.Server logJVM
INFO : Architecture:		amd64
02 08, 2022 20:14:56 下午 edu.hdu.G1g4locat.catalina.Server logJVM
INFO : Java Home:		D:\Develop\jdk-11.0.10
02 08, 2022 20:14:56 下午 edu.hdu.G1g4locat.catalina.Server logJVM
INFO : JVM Version:		11.0.10+8-LTS-162
02 08, 2022 20:14:56 下午 edu.hdu.G1g4locat.catalina.Server logJVM
INFO : JVM Vendor:		Oracle Corporation
02 08, 2022 20:15:00 下午 edu.hdu.G1g4locat.catalina.Server$1 error
ERROR: this is a test500.
java.lang.Exception: this is a test500.
	at edu.hdu.G1g4locat.catalina.Server$1.run(Server.java:68)
	at java.base/java.util.concurrent.ThreadPoolExecutor.runWorker(ThreadPoolExecutor.java:1128)
	at java.base/java.util.concurrent.ThreadPoolExecutor$Worker.run(ThreadPoolExecutor.java:628)
	at java.base/java.lang.Thread.run(Thread.java:834)
02 08, 2022 20:15:35 下午 edu.hdu.G1g4locat.catalina.Server$1 error
ERROR: Connection reset
java.net.SocketException: Connection reset
	at java.base/java.net.SocketInputStream.read(SocketInputStream.java:186)
	at java.base/java.net.SocketInputStream.read(SocketInputStream.java:140)
	at java.base/java.net.SocketInputStream.read(SocketInputStream.java:126)
	at edu.hdu.G1g4locat.utils.MiniBrowser.readBytes(MiniBrowser.java:133)
	at edu.hdu.G1g4locat.http.Request.parseHttpRequest(Request.java:38)
	at edu.hdu.G1g4locat.http.Request.<init>(Request.java:27)
	at edu.hdu.G1g4locat.catalina.Server$1.run(Server.java:54)
	at java.base/java.util.concurrent.ThreadPoolExecutor.runWorker(ThreadPoolExecutor.java:1128)
	at java.base/java.util.concurrent.ThreadPoolExecutor$Worker.run(ThreadPoolExecutor.java:628)
	at java.base/java.lang.Thread.run(Thread.java:834)
02 08, 2022 20:15:47 下午 edu.hdu.G1g4locat.catalina.Server$1 error
ERROR: this is a test500.
java.lang.Exception: this is a test500.
	at edu.hdu.G1g4locat.catalina.Server$1.run(Server.java:68)
	at java.base/java.util.concurrent.ThreadPoolExecutor.runWorker(ThreadPoolExecutor.java:1128)
	at java.base/java.util.concurrent.ThreadPoolExecutor$Worker.run(ThreadPoolExecutor.java:628)
	at java.base/java.lang.Thread.run(Thread.java:834)
02 08, 2022 20:18:10 下午 edu.hdu.G1g4locat.catalina.Context <init>
INFO : Deploying web application directory F:\dev\G1g4loCat\webapps\a
02 08, 2022 20:18:10 下午 edu.hdu.G1g4locat.catalina.Context <init>
INFO : Deploying of web application directory F:\dev\G1g4loCat\webapps\a has finished in 209 ms
02 08, 2022 20:18:10 下午 edu.hdu.G1g4locat.catalina.Context <init>
INFO : Deploying web application directory F:\dev\G1g4loCat\webapps\ROOT
02 08, 2022 20:18:10 下午 edu.hdu.G1g4locat.catalina.Context <init>
INFO : Deploying of web application directory F:\dev\G1g4loCat\webapps\ROOT has finished in 0 ms
02 08, 2022 20:18:10 下午 edu.hdu.G1g4locat.catalina.Context <init>
INFO : Deploying web application directory F:/dev/G1g4loCat/b
02 08, 2022 20:18:10 下午 edu.hdu.G1g4locat.catalina.Context <init>
INFO : Deploying of web application directory F:/dev/G1g4loCat/b has finished in 0 ms
02 08, 2022 20:18:10 下午 edu.hdu.G1g4locat.catalina.Server logJVM
INFO : Server version:		How2J DiyTomcat/1.0.1
02 08, 2022 20:18:10 下午 edu.hdu.G1g4locat.catalina.Server logJVM
INFO : Server built:		2020-04-08 10:20:22
02 08, 2022 20:18:10 下午 edu.hdu.G1g4locat.catalina.Server logJVM
INFO : Server number:		1.0.1
02 08, 2022 20:18:10 下午 edu.hdu.G1g4locat.catalina.Server logJVM
INFO : OS Name	:		Windows 10
02 08, 2022 20:18:10 下午 edu.hdu.G1g4locat.catalina.Server logJVM
INFO : OS Version:		10.0
02 08, 2022 20:18:10 下午 edu.hdu.G1g4locat.catalina.Server logJVM
INFO : Architecture:		amd64
02 08, 2022 20:18:10 下午 edu.hdu.G1g4locat.catalina.Server logJVM
INFO : Java Home:		D:\Develop\jdk-11.0.10
02 08, 2022 20:18:10 下午 edu.hdu.G1g4locat.catalina.Server logJVM
INFO : JVM Version:		11.0.10+8-LTS-162
02 08, 2022 20:18:10 下午 edu.hdu.G1g4locat.catalina.Server logJVM
INFO : JVM Vendor:		Oracle Corporation
02 08, 2022 20:18:16 下午 edu.hdu.G1g4locat.catalina.Server$1 error
ERROR: this is a test500.
java.lang.Exception: this is a test500.
	at edu.hdu.G1g4locat.catalina.Server$1.run(Server.java:68)
	at java.base/java.util.concurrent.ThreadPoolExecutor.runWorker(ThreadPoolExecutor.java:1128)
	at java.base/java.util.concurrent.ThreadPoolExecutor$Worker.run(ThreadPoolExecutor.java:628)
	at java.base/java.lang.Thread.run(Thread.java:834)
02 08, 2022 20:18:22 下午 edu.hdu.G1g4locat.catalina.Server$1 error
ERROR: this is a test500.
java.lang.Exception: this is a test500.
	at edu.hdu.G1g4locat.catalina.Server$1.run(Server.java:68)
	at java.base/java.util.concurrent.ThreadPoolExecutor.runWorker(ThreadPoolExecutor.java:1128)
	at java.base/java.util.concurrent.ThreadPoolExecutor$Worker.run(ThreadPoolExecutor.java:628)
	at java.base/java.lang.Thread.run(Thread.java:834)
02 08, 2022 20:19:59 下午 edu.hdu.G1g4locat.catalina.Server$1 error
ERROR: this is a test500.
java.lang.Exception: this is a test500.
	at edu.hdu.G1g4locat.catalina.Server$1.run(Server.java:68)
	at java.base/java.util.concurrent.ThreadPoolExecutor.runWorker(ThreadPoolExecutor.java:1128)
	at java.base/java.util.concurrent.ThreadPoolExecutor$Worker.run(ThreadPoolExecutor.java:628)
	at java.base/java.lang.Thread.run(Thread.java:834)
02 08, 2022 20:21:24 下午 edu.hdu.G1g4locat.catalina.Server$1 error
ERROR: this is a test500.
java.lang.Exception: this is a test500.
	at edu.hdu.G1g4locat.catalina.Server$1.run(Server.java:68)
	at java.base/java.util.concurrent.ThreadPoolExecutor.runWorker(ThreadPoolExecutor.java:1128)
	at java.base/java.util.concurrent.ThreadPoolExecutor$Worker.run(ThreadPoolExecutor.java:628)
	at java.base/java.lang.Thread.run(Thread.java:834)
02 08, 2022 20:21:24 下午 edu.hdu.G1g4locat.catalina.Server$1 error
ERROR: this is a test500.
java.lang.Exception: this is a test500.
	at edu.hdu.G1g4locat.catalina.Server$1.run(Server.java:68)
	at java.base/java.util.concurrent.ThreadPoolExecutor.runWorker(ThreadPoolExecutor.java:1128)
	at java.base/java.util.concurrent.ThreadPoolExecutor$Worker.run(ThreadPoolExecutor.java:628)
	at java.base/java.lang.Thread.run(Thread.java:834)
02 08, 2022 20:21:24 下午 edu.hdu.G1g4locat.catalina.Server$1 error
ERROR: this is a test500.
java.lang.Exception: this is a test500.
	at edu.hdu.G1g4locat.catalina.Server$1.run(Server.java:68)
	at java.base/java.util.concurrent.ThreadPoolExecutor.runWorker(ThreadPoolExecutor.java:1128)
	at java.base/java.util.concurrent.ThreadPoolExecutor$Worker.run(ThreadPoolExecutor.java:628)
	at java.base/java.lang.Thread.run(Thread.java:834)
02 08, 2022 20:21:26 下午 edu.hdu.G1g4locat.catalina.Server$1 error
ERROR: this is a test500.
java.lang.Exception: this is a test500.
	at edu.hdu.G1g4locat.catalina.Server$1.run(Server.java:68)
	at java.base/java.util.concurrent.ThreadPoolExecutor.runWorker(ThreadPoolExecutor.java:1128)
	at java.base/java.util.concurrent.ThreadPoolExecutor$Worker.run(ThreadPoolExecutor.java:628)
	at java.base/java.lang.Thread.run(Thread.java:834)
02 08, 2022 20:21:26 下午 edu.hdu.G1g4locat.catalina.Server$1 error
ERROR: this is a test500.
java.lang.Exception: this is a test500.
	at edu.hdu.G1g4locat.catalina.Server$1.run(Server.java:68)
	at java.base/java.util.concurrent.ThreadPoolExecutor.runWorker(ThreadPoolExecutor.java:1128)
	at java.base/java.util.concurrent.ThreadPoolExecutor$Worker.run(ThreadPoolExecutor.java:628)
	at java.base/java.lang.Thread.run(Thread.java:834)
02 08, 2022 20:21:26 下午 edu.hdu.G1g4locat.catalina.Server$1 error
ERROR: this is a test500.
java.lang.Exception: this is a test500.
	at edu.hdu.G1g4locat.catalina.Server$1.run(Server.java:68)
	at java.base/java.util.concurrent.ThreadPoolExecutor.runWorker(ThreadPoolExecutor.java:1128)
	at java.base/java.util.concurrent.ThreadPoolExecutor$Worker.run(ThreadPoolExecutor.java:628)
	at java.base/java.lang.Thread.run(Thread.java:834)
02 08, 2022 20:21:31 下午 edu.hdu.G1g4locat.catalina.Server$1 error
ERROR: this is a test500.
java.lang.Exception: this is a test500.
	at edu.hdu.G1g4locat.catalina.Server$1.run(Server.java:68)
	at java.base/java.util.concurrent.ThreadPoolExecutor.runWorker(ThreadPoolExecutor.java:1128)
	at java.base/java.util.concurrent.ThreadPoolExecutor$Worker.run(ThreadPoolExecutor.java:628)
	at java.base/java.lang.Thread.run(Thread.java:834)
02 08, 2022 20:21:31 下午 edu.hdu.G1g4locat.catalina.Server$1 error
ERROR: this is a test500.
java.lang.Exception: this is a test500.
	at edu.hdu.G1g4locat.catalina.Server$1.run(Server.java:68)
	at java.base/java.util.concurrent.ThreadPoolExecutor.runWorker(ThreadPoolExecutor.java:1128)
	at java.base/java.util.concurrent.ThreadPoolExecutor$Worker.run(ThreadPoolExecutor.java:628)
	at java.base/java.lang.Thread.run(Thread.java:834)
02 08, 2022 20:21:31 下午 edu.hdu.G1g4locat.catalina.Server$1 error
ERROR: this is a test500.
java.lang.Exception: this is a test500.
	at edu.hdu.G1g4locat.catalina.Server$1.run(Server.java:68)
	at java.base/java.util.concurrent.ThreadPoolExecutor.runWorker(ThreadPoolExecutor.java:1128)
	at java.base/java.util.concurrent.ThreadPoolExecutor$Worker.run(ThreadPoolExecutor.java:628)
	at java.base/java.lang.Thread.run(Thread.java:834)
02 08, 2022 20:22:13 下午 edu.hdu.G1g4locat.catalina.Context <init>
INFO : Deploying web application directory F:\dev\G1g4loCat\webapps\a
02 08, 2022 20:22:13 下午 edu.hdu.G1g4locat.catalina.Context <init>
INFO : Deploying of web application directory F:\dev\G1g4loCat\webapps\a has finished in 260 ms
02 08, 2022 20:22:13 下午 edu.hdu.G1g4locat.catalina.Context <init>
INFO : Deploying web application directory F:\dev\G1g4loCat\webapps\ROOT
02 08, 2022 20:22:13 下午 edu.hdu.G1g4locat.catalina.Context <init>
INFO : Deploying of web application directory F:\dev\G1g4loCat\webapps\ROOT has finished in 0 ms
02 08, 2022 20:22:13 下午 edu.hdu.G1g4locat.catalina.Context <init>
INFO : Deploying web application directory F:/dev/G1g4loCat/b
02 08, 2022 20:22:13 下午 edu.hdu.G1g4locat.catalina.Context <init>
INFO : Deploying of web application directory F:/dev/G1g4loCat/b has finished in 0 ms
02 08, 2022 20:22:13 下午 edu.hdu.G1g4locat.catalina.Server logJVM
INFO : Server version:		How2J DiyTomcat/1.0.1
02 08, 2022 20:22:13 下午 edu.hdu.G1g4locat.catalina.Server logJVM
INFO : Server built:		2020-04-08 10:20:22
02 08, 2022 20:22:13 下午 edu.hdu.G1g4locat.catalina.Server logJVM
INFO : Server number:		1.0.1
02 08, 2022 20:22:13 下午 edu.hdu.G1g4locat.catalina.Server logJVM
INFO : OS Name	:		Windows 10
02 08, 2022 20:22:13 下午 edu.hdu.G1g4locat.catalina.Server logJVM
INFO : OS Version:		10.0
02 08, 2022 20:22:13 下午 edu.hdu.G1g4locat.catalina.Server logJVM
INFO : Architecture:		amd64
02 08, 2022 20:22:13 下午 edu.hdu.G1g4locat.catalina.Server logJVM
INFO : Java Home:		D:\Develop\jdk-11.0.10
02 08, 2022 20:22:13 下午 edu.hdu.G1g4locat.catalina.Server logJVM
INFO : JVM Version:		11.0.10+8-LTS-162
02 08, 2022 20:22:13 下午 edu.hdu.G1g4locat.catalina.Server logJVM
INFO : JVM Vendor:		Oracle Corporation
02 08, 2022 20:22:15 下午 edu.hdu.G1g4locat.catalina.Server$1 error
ERROR: this is a test500.
java.lang.Exception: this is a test500.
	at edu.hdu.G1g4locat.catalina.Server$1.run(Server.java:68)
	at java.base/java.util.concurrent.ThreadPoolExecutor.runWorker(ThreadPoolExecutor.java:1128)
	at java.base/java.util.concurrent.ThreadPoolExecutor$Worker.run(ThreadPoolExecutor.java:628)
	at java.base/java.lang.Thread.run(Thread.java:834)
02 08, 2022 20:22:15 下午 edu.hdu.G1g4locat.catalina.Server$1 error
ERROR: this is a test500.
java.lang.Exception: this is a test500.
	at edu.hdu.G1g4locat.catalina.Server$1.run(Server.java:68)
	at java.base/java.util.concurrent.ThreadPoolExecutor.runWorker(ThreadPoolExecutor.java:1128)
	at java.base/java.util.concurrent.ThreadPoolExecutor$Worker.run(ThreadPoolExecutor.java:628)
	at java.base/java.lang.Thread.run(Thread.java:834)
02 08, 2022 20:22:15 下午 edu.hdu.G1g4locat.catalina.Server$1 error
ERROR: this is a test500.
java.lang.Exception: this is a test500.
	at edu.hdu.G1g4locat.catalina.Server$1.run(Server.java:68)
	at java.base/java.util.concurrent.ThreadPoolExecutor.runWorker(ThreadPoolExecutor.java:1128)
	at java.base/java.util.concurrent.ThreadPoolExecutor$Worker.run(ThreadPoolExecutor.java:628)
	at java.base/java.lang.Thread.run(Thread.java:834)
02 08, 2022 20:22:16 下午 edu.hdu.G1g4locat.catalina.Server$1 error
ERROR: this is a test500.
java.lang.Exception: this is a test500.
	at edu.hdu.G1g4locat.catalina.Server$1.run(Server.java:68)
	at java.base/java.util.concurrent.ThreadPoolExecutor.runWorker(ThreadPoolExecutor.java:1128)
	at java.base/java.util.concurrent.ThreadPoolExecutor$Worker.run(ThreadPoolExecutor.java:628)
	at java.base/java.lang.Thread.run(Thread.java:834)
02 08, 2022 20:22:16 下午 edu.hdu.G1g4locat.catalina.Server$1 error
ERROR: this is a test500.
java.lang.Exception: this is a test500.
	at edu.hdu.G1g4locat.catalina.Server$1.run(Server.java:68)
	at java.base/java.util.concurrent.ThreadPoolExecutor.runWorker(ThreadPoolExecutor.java:1128)
	at java.base/java.util.concurrent.ThreadPoolExecutor$Worker.run(ThreadPoolExecutor.java:628)
	at java.base/java.lang.Thread.run(Thread.java:834)
02 08, 2022 20:22:16 下午 edu.hdu.G1g4locat.catalina.Server$1 error
ERROR: this is a test500.
java.lang.Exception: this is a test500.
	at edu.hdu.G1g4locat.catalina.Server$1.run(Server.java:68)
	at java.base/java.util.concurrent.ThreadPoolExecutor.runWorker(ThreadPoolExecutor.java:1128)
	at java.base/java.util.concurrent.ThreadPoolExecutor$Worker.run(ThreadPoolExecutor.java:628)
	at java.base/java.lang.Thread.run(Thread.java:834)
02 08, 2022 20:22:21 下午 edu.hdu.G1g4locat.catalina.Server$1 error
ERROR: this is a test500.
java.lang.Exception: this is a test500.
	at edu.hdu.G1g4locat.catalina.Server$1.run(Server.java:68)
	at java.base/java.util.concurrent.ThreadPoolExecutor.runWorker(ThreadPoolExecutor.java:1128)
	at java.base/java.util.concurrent.ThreadPoolExecutor$Worker.run(ThreadPoolExecutor.java:628)
	at java.base/java.lang.Thread.run(Thread.java:834)
02 08, 2022 20:22:21 下午 edu.hdu.G1g4locat.catalina.Server$1 error
ERROR: this is a test500.
java.lang.Exception: this is a test500.
	at edu.hdu.G1g4locat.catalina.Server$1.run(Server.java:68)
	at java.base/java.util.concurrent.ThreadPoolExecutor.runWorker(ThreadPoolExecutor.java:1128)
	at java.base/java.util.concurrent.ThreadPoolExecutor$Worker.run(ThreadPoolExecutor.java:628)
	at java.base/java.lang.Thread.run(Thread.java:834)
02 08, 2022 20:22:21 下午 edu.hdu.G1g4locat.catalina.Server$1 error
ERROR: this is a test500.
java.lang.Exception: this is a test500.
	at edu.hdu.G1g4locat.catalina.Server$1.run(Server.java:68)
	at java.base/java.util.concurrent.ThreadPoolExecutor.runWorker(ThreadPoolExecutor.java:1128)
	at java.base/java.util.concurrent.ThreadPoolExecutor$Worker.run(ThreadPoolExecutor.java:628)
	at java.base/java.lang.Thread.run(Thread.java:834)
02 08, 2022 20:22:51 下午 edu.hdu.G1g4locat.catalina.Server$1 error
ERROR: this is a test500.
java.lang.Exception: this is a test500.
	at edu.hdu.G1g4locat.catalina.Server$1.run(Server.java:68)
	at java.base/java.util.concurrent.ThreadPoolExecutor.runWorker(ThreadPoolExecutor.java:1128)
	at java.base/java.util.concurrent.ThreadPoolExecutor$Worker.run(ThreadPoolExecutor.java:628)
	at java.base/java.lang.Thread.run(Thread.java:834)
02 08, 2022 20:22:51 下午 edu.hdu.G1g4locat.catalina.Server$1 error
ERROR: this is a test500.
java.lang.Exception: this is a test500.
	at edu.hdu.G1g4locat.catalina.Server$1.run(Server.java:68)
	at java.base/java.util.concurrent.ThreadPoolExecutor.runWorker(ThreadPoolExecutor.java:1128)
	at java.base/java.util.concurrent.ThreadPoolExecutor$Worker.run(ThreadPoolExecutor.java:628)
	at java.base/java.lang.Thread.run(Thread.java:834)
02 08, 2022 20:22:51 下午 edu.hdu.G1g4locat.catalina.Server$1 error
ERROR: this is a test500.
java.lang.Exception: this is a test500.
	at edu.hdu.G1g4locat.catalina.Server$1.run(Server.java:68)
	at java.base/java.util.concurrent.ThreadPoolExecutor.runWorker(ThreadPoolExecutor.java:1128)
	at java.base/java.util.concurrent.ThreadPoolExecutor$Worker.run(ThreadPoolExecutor.java:628)
	at java.base/java.lang.Thread.run(Thread.java:834)
02 08, 2022 20:23:36 下午 edu.hdu.G1g4locat.catalina.Server$1 error
ERROR: this is a test500.
java.lang.Exception: this is a test500.
	at edu.hdu.G1g4locat.catalina.Server$1.run(Server.java:68)
	at java.base/java.util.concurrent.ThreadPoolExecutor.runWorker(ThreadPoolExecutor.java:1128)
	at java.base/java.util.concurrent.ThreadPoolExecutor$Worker.run(ThreadPoolExecutor.java:628)
	at java.base/java.lang.Thread.run(Thread.java:834)
02 08, 2022 20:23:36 下午 edu.hdu.G1g4locat.catalina.Server$1 error
ERROR: this is a test500.
java.lang.Exception: this is a test500.
	at edu.hdu.G1g4locat.catalina.Server$1.run(Server.java:68)
	at java.base/java.util.concurrent.ThreadPoolExecutor.runWorker(ThreadPoolExecutor.java:1128)
	at java.base/java.util.concurrent.ThreadPoolExecutor$Worker.run(ThreadPoolExecutor.java:628)
	at java.base/java.lang.Thread.run(Thread.java:834)
02 08, 2022 20:23:36 下午 edu.hdu.G1g4locat.catalina.Server$1 error
ERROR: this is a test500.
java.lang.Exception: this is a test500.
	at edu.hdu.G1g4locat.catalina.Server$1.run(Server.java:68)
	at java.base/java.util.concurrent.ThreadPoolExecutor.runWorker(ThreadPoolExecutor.java:1128)
	at java.base/java.util.concurrent.ThreadPoolExecutor$Worker.run(ThreadPoolExecutor.java:628)
	at java.base/java.lang.Thread.run(Thread.java:834)
02 08, 2022 20:23:36 下午 edu.hdu.G1g4locat.catalina.Server$1 error
ERROR: this is a test500.
java.lang.Exception: this is a test500.
	at edu.hdu.G1g4locat.catalina.Server$1.run(Server.java:68)
	at java.base/java.util.concurrent.ThreadPoolExecutor.runWorker(ThreadPoolExecutor.java:1128)
	at java.base/java.util.concurrent.ThreadPoolExecutor$Worker.run(ThreadPoolExecutor.java:628)
	at java.base/java.lang.Thread.run(Thread.java:834)
02 08, 2022 20:23:36 下午 edu.hdu.G1g4locat.catalina.Server$1 error
ERROR: this is a test500.
java.lang.Exception: this is a test500.
	at edu.hdu.G1g4locat.catalina.Server$1.run(Server.java:68)
	at java.base/java.util.concurrent.ThreadPoolExecutor.runWorker(ThreadPoolExecutor.java:1128)
	at java.base/java.util.concurrent.ThreadPoolExecutor$Worker.run(ThreadPoolExecutor.java:628)
	at java.base/java.lang.Thread.run(Thread.java:834)
02 08, 2022 20:23:36 下午 edu.hdu.G1g4locat.catalina.Server$1 error
ERROR: this is a test500.
java.lang.Exception: this is a test500.
	at edu.hdu.G1g4locat.catalina.Server$1.run(Server.java:68)
	at java.base/java.util.concurrent.ThreadPoolExecutor.runWorker(ThreadPoolExecutor.java:1128)
	at java.base/java.util.concurrent.ThreadPoolExecutor$Worker.run(ThreadPoolExecutor.java:628)
	at java.base/java.lang.Thread.run(Thread.java:834)
02 08, 2022 20:27:44 下午 edu.hdu.G1g4locat.catalina.Server$1 error
ERROR: this is a test500.
java.lang.Exception: this is a test500.
	at edu.hdu.G1g4locat.catalina.Server$1.run(Server.java:68)
	at java.base/java.util.concurrent.ThreadPoolExecutor.runWorker(ThreadPoolExecutor.java:1128)
	at java.base/java.util.concurrent.ThreadPoolExecutor$Worker.run(ThreadPoolExecutor.java:628)
	at java.base/java.lang.Thread.run(Thread.java:834)
02 08, 2022 20:27:44 下午 edu.hdu.G1g4locat.catalina.Server$1 error
ERROR: this is a test500.
java.lang.Exception: this is a test500.
	at edu.hdu.G1g4locat.catalina.Server$1.run(Server.java:68)
	at java.base/java.util.concurrent.ThreadPoolExecutor.runWorker(ThreadPoolExecutor.java:1128)
	at java.base/java.util.concurrent.ThreadPoolExecutor$Worker.run(ThreadPoolExecutor.java:628)
	at java.base/java.lang.Thread.run(Thread.java:834)
02 08, 2022 20:27:44 下午 edu.hdu.G1g4locat.catalina.Server$1 error
ERROR: this is a test500.
java.lang.Exception: this is a test500.
	at edu.hdu.G1g4locat.catalina.Server$1.run(Server.java:68)
	at java.base/java.util.concurrent.ThreadPoolExecutor.runWorker(ThreadPoolExecutor.java:1128)
	at java.base/java.util.concurrent.ThreadPoolExecutor$Worker.run(ThreadPoolExecutor.java:628)
	at java.base/java.lang.Thread.run(Thread.java:834)
02 08, 2022 20:27:45 下午 edu.hdu.G1g4locat.catalina.Server$1 error
ERROR: this is a test500.
java.lang.Exception: this is a test500.
	at edu.hdu.G1g4locat.catalina.Server$1.run(Server.java:68)
	at java.base/java.util.concurrent.ThreadPoolExecutor.runWorker(ThreadPoolExecutor.java:1128)
	at java.base/java.util.concurrent.ThreadPoolExecutor$Worker.run(ThreadPoolExecutor.java:628)
	at java.base/java.lang.Thread.run(Thread.java:834)
02 08, 2022 20:27:45 下午 edu.hdu.G1g4locat.catalina.Server$1 error
ERROR: this is a test500.
java.lang.Exception: this is a test500.
	at edu.hdu.G1g4locat.catalina.Server$1.run(Server.java:68)
	at java.base/java.util.concurrent.ThreadPoolExecutor.runWorker(ThreadPoolExecutor.java:1128)
	at java.base/java.util.concurrent.ThreadPoolExecutor$Worker.run(ThreadPoolExecutor.java:628)
	at java.base/java.lang.Thread.run(Thread.java:834)
02 08, 2022 20:27:45 下午 edu.hdu.G1g4locat.catalina.Server$1 error
ERROR: this is a test500.
java.lang.Exception: this is a test500.
	at edu.hdu.G1g4locat.catalina.Server$1.run(Server.java:68)
	at java.base/java.util.concurrent.ThreadPoolExecutor.runWorker(ThreadPoolExecutor.java:1128)
	at java.base/java.util.concurrent.ThreadPoolExecutor$Worker.run(ThreadPoolExecutor.java:628)
	at java.base/java.lang.Thread.run(Thread.java:834)
02 08, 2022 20:27:50 下午 edu.hdu.G1g4locat.catalina.Server$1 error
ERROR: this is a test500.
java.lang.Exception: this is a test500.
	at edu.hdu.G1g4locat.catalina.Server$1.run(Server.java:68)
	at java.base/java.util.concurrent.ThreadPoolExecutor.runWorker(ThreadPoolExecutor.java:1128)
	at java.base/java.util.concurrent.ThreadPoolExecutor$Worker.run(ThreadPoolExecutor.java:628)
	at java.base/java.lang.Thread.run(Thread.java:834)
02 08, 2022 20:27:50 下午 edu.hdu.G1g4locat.catalina.Server$1 error
ERROR: this is a test500.
java.lang.Exception: this is a test500.
	at edu.hdu.G1g4locat.catalina.Server$1.run(Server.java:68)
	at java.base/java.util.concurrent.ThreadPoolExecutor.runWorker(ThreadPoolExecutor.java:1128)
	at java.base/java.util.concurrent.ThreadPoolExecutor$Worker.run(ThreadPoolExecutor.java:628)
	at java.base/java.lang.Thread.run(Thread.java:834)
02 08, 2022 20:27:50 下午 edu.hdu.G1g4locat.catalina.Server$1 error
ERROR: this is a test500.
java.lang.Exception: this is a test500.
	at edu.hdu.G1g4locat.catalina.Server$1.run(Server.java:68)
	at java.base/java.util.concurrent.ThreadPoolExecutor.runWorker(ThreadPoolExecutor.java:1128)
	at java.base/java.util.concurrent.ThreadPoolExecutor$Worker.run(ThreadPoolExecutor.java:628)
	at java.base/java.lang.Thread.run(Thread.java:834)
02 08, 2022 20:29:22 下午 edu.hdu.G1g4locat.catalina.Context <init>
INFO : Deploying web application directory F:\dev\G1g4loCat\webapps\a
02 08, 2022 20:29:22 下午 edu.hdu.G1g4locat.catalina.Context <init>
INFO : Deploying of web application directory F:\dev\G1g4loCat\webapps\a has finished in 224 ms
02 08, 2022 20:29:22 下午 edu.hdu.G1g4locat.catalina.Context <init>
INFO : Deploying web application directory F:\dev\G1g4loCat\webapps\ROOT
02 08, 2022 20:29:22 下午 edu.hdu.G1g4locat.catalina.Context <init>
INFO : Deploying of web application directory F:\dev\G1g4loCat\webapps\ROOT has finished in 0 ms
02 08, 2022 20:29:22 下午 edu.hdu.G1g4locat.catalina.Context <init>
INFO : Deploying web application directory F:/dev/G1g4loCat/b
02 08, 2022 20:29:22 下午 edu.hdu.G1g4locat.catalina.Context <init>
INFO : Deploying of web application directory F:/dev/G1g4loCat/b has finished in 0 ms
02 08, 2022 20:29:22 下午 edu.hdu.G1g4locat.catalina.Server logJVM
INFO : Server version:		How2J DiyTomcat/1.0.1
02 08, 2022 20:29:22 下午 edu.hdu.G1g4locat.catalina.Server logJVM
INFO : Server built:		2020-04-08 10:20:22
02 08, 2022 20:29:22 下午 edu.hdu.G1g4locat.catalina.Server logJVM
INFO : Server number:		1.0.1
02 08, 2022 20:29:22 下午 edu.hdu.G1g4locat.catalina.Server logJVM
INFO : OS Name	:		Windows 10
02 08, 2022 20:29:22 下午 edu.hdu.G1g4locat.catalina.Server logJVM
INFO : OS Version:		10.0
02 08, 2022 20:29:22 下午 edu.hdu.G1g4locat.catalina.Server logJVM
INFO : Architecture:		amd64
02 08, 2022 20:29:22 下午 edu.hdu.G1g4locat.catalina.Server logJVM
INFO : Java Home:		D:\Develop\jdk-11.0.10
02 08, 2022 20:29:22 下午 edu.hdu.G1g4locat.catalina.Server logJVM
INFO : JVM Version:		11.0.10+8-LTS-162
02 08, 2022 20:29:22 下午 edu.hdu.G1g4locat.catalina.Server logJVM
INFO : JVM Vendor:		Oracle Corporation
02 08, 2022 20:29:25 下午 edu.hdu.G1g4locat.catalina.Server$1 error
ERROR: this is a test500.
java.lang.Exception: this is a test500.
	at edu.hdu.G1g4locat.catalina.Server$1.run(Server.java:68)
	at java.base/java.util.concurrent.ThreadPoolExecutor.runWorker(ThreadPoolExecutor.java:1128)
	at java.base/java.util.concurrent.ThreadPoolExecutor$Worker.run(ThreadPoolExecutor.java:628)
	at java.base/java.lang.Thread.run(Thread.java:834)
02 08, 2022 20:29:48 下午 edu.hdu.G1g4locat.catalina.Server$1 error
ERROR: this is a test500.
java.lang.Exception: this is a test500.
	at edu.hdu.G1g4locat.catalina.Server$1.run(Server.java:68)
	at java.base/java.util.concurrent.ThreadPoolExecutor.runWorker(ThreadPoolExecutor.java:1128)
	at java.base/java.util.concurrent.ThreadPoolExecutor$Worker.run(ThreadPoolExecutor.java:628)
	at java.base/java.lang.Thread.run(Thread.java:834)
02 08, 2022 20:30:03 下午 edu.hdu.G1g4locat.catalina.Server$1 error
ERROR: this is a test500.
java.lang.Exception: this is a test500.
	at edu.hdu.G1g4locat.catalina.Server$1.run(Server.java:68)
	at java.base/java.util.concurrent.ThreadPoolExecutor.runWorker(ThreadPoolExecutor.java:1128)
	at java.base/java.util.concurrent.ThreadPoolExecutor$Worker.run(ThreadPoolExecutor.java:628)
	at java.base/java.lang.Thread.run(Thread.java:834)
02 08, 2022 20:30:49 下午 edu.hdu.G1g4locat.catalina.Server$1 error
ERROR: this is a test500.
java.lang.Exception: this is a test500.
	at edu.hdu.G1g4locat.catalina.Server$1.run(Server.java:68)
	at java.base/java.util.concurrent.ThreadPoolExecutor.runWorker(ThreadPoolExecutor.java:1128)
	at java.base/java.util.concurrent.ThreadPoolExecutor$Worker.run(ThreadPoolExecutor.java:628)
	at java.base/java.lang.Thread.run(Thread.java:834)
