02 01, 2022 17:47:11 下午 edu.hdu.G1g4locat.Bootstrap logJVM
INFO : Server version:		How2J DiyTomcat/1.0.1
02 01, 2022 17:47:11 下午 edu.hdu.G1g4locat.Bootstrap logJVM
INFO : Server built:		2020-04-08 10:20:22
02 01, 2022 17:47:11 下午 edu.hdu.G1g4locat.Bootstrap logJVM
INFO : Server number:		1.0.1
02 01, 2022 17:47:11 下午 edu.hdu.G1g4locat.Bootstrap logJVM
INFO : OS Name	:		Windows 10
02 01, 2022 17:47:11 下午 edu.hdu.G1g4locat.Bootstrap logJVM
INFO : OS Version:		10.0
02 01, 2022 17:47:11 下午 edu.hdu.G1g4locat.Bootstrap logJVM
INFO : Architecture:		amd64
02 01, 2022 17:47:11 下午 edu.hdu.G1g4locat.Bootstrap logJVM
INFO : Java Home:		D:\Develop\jdk-11.0.10
02 01, 2022 17:47:11 下午 edu.hdu.G1g4locat.Bootstrap logJVM
INFO : JVM Version:		11.0.10+8-LTS-162
02 01, 2022 17:47:11 下午 edu.hdu.G1g4locat.Bootstrap logJVM
INFO : JVM Vendor:		Oracle Corporation
02 01, 2022 17:49:00 下午 edu.hdu.G1g4locat.Bootstrap logJVM
INFO : Server version:		How2J DiyTomcat/1.0.1
02 01, 2022 17:49:00 下午 edu.hdu.G1g4locat.Bootstrap logJVM
INFO : Server built:		2020-04-08 10:20:22
02 01, 2022 17:49:00 下午 edu.hdu.G1g4locat.Bootstrap logJVM
INFO : Server number:		1.0.1
02 01, 2022 17:49:00 下午 edu.hdu.G1g4locat.Bootstrap logJVM
INFO : OS Name	:		Windows 10
02 01, 2022 17:49:00 下午 edu.hdu.G1g4locat.Bootstrap logJVM
INFO : OS Version:		10.0
02 01, 2022 17:49:00 下午 edu.hdu.G1g4locat.Bootstrap logJVM
INFO : Architecture:		amd64
02 01, 2022 17:49:00 下午 edu.hdu.G1g4locat.Bootstrap logJVM
INFO : Java Home:		D:\Develop\jdk-11.0.10
02 01, 2022 17:49:00 下午 edu.hdu.G1g4locat.Bootstrap logJVM
INFO : JVM Version:		11.0.10+8-LTS-162
02 01, 2022 17:49:00 下午 edu.hdu.G1g4locat.Bootstrap logJVM
INFO : JVM Vendor:		Oracle Corporation
02 01, 2022 17:51:11 下午 edu.hdu.G1g4locat.Bootstrap logJVM
INFO : Server version:		How2J DiyTomcat/1.0.1
02 01, 2022 17:51:11 下午 edu.hdu.G1g4locat.Bootstrap logJVM
INFO : Server built:		2020-04-08 10:20:22
02 01, 2022 17:51:11 下午 edu.hdu.G1g4locat.Bootstrap logJVM
INFO : Server number:		1.0.1
02 01, 2022 17:51:11 下午 edu.hdu.G1g4locat.Bootstrap logJVM
INFO : OS Name	:		Windows 10
02 01, 2022 17:51:11 下午 edu.hdu.G1g4locat.Bootstrap logJVM
INFO : OS Version:		10.0
02 01, 2022 17:51:11 下午 edu.hdu.G1g4locat.Bootstrap logJVM
INFO : Architecture:		amd64
02 01, 2022 17:51:11 下午 edu.hdu.G1g4locat.Bootstrap logJVM
INFO : Java Home:		D:\Develop\jdk-11.0.10
02 01, 2022 17:51:11 下午 edu.hdu.G1g4locat.Bootstrap logJVM
INFO : JVM Version:		11.0.10+8-LTS-162
02 01, 2022 17:51:11 下午 edu.hdu.G1g4locat.Bootstrap logJVM
INFO : JVM Vendor:		Oracle Corporation
02 01, 2022 17:54:00 下午 edu.hdu.G1g4locat.Bootstrap logJVM
INFO : Server version:		How2J DiyTomcat/1.0.1
02 01, 2022 17:54:00 下午 edu.hdu.G1g4locat.Bootstrap logJVM
INFO : Server built:		2020-04-08 10:20:22
02 01, 2022 17:54:00 下午 edu.hdu.G1g4locat.Bootstrap logJVM
INFO : Server number:		1.0.1
02 01, 2022 17:54:00 下午 edu.hdu.G1g4locat.Bootstrap logJVM
INFO : OS Name	:		Windows 10
02 01, 2022 17:54:00 下午 edu.hdu.G1g4locat.Bootstrap logJVM
INFO : OS Version:		10.0
02 01, 2022 17:54:00 下午 edu.hdu.G1g4locat.Bootstrap logJVM
INFO : Architecture:		amd64
02 01, 2022 17:54:00 下午 edu.hdu.G1g4locat.Bootstrap logJVM
INFO : Java Home:		D:\Develop\jdk-11.0.10
02 01, 2022 17:54:00 下午 edu.hdu.G1g4locat.Bootstrap logJVM
INFO : JVM Version:		11.0.10+8-LTS-162
02 01, 2022 17:54:00 下午 edu.hdu.G1g4locat.Bootstrap logJVM
INFO : JVM Vendor:		Oracle Corporation
02 01, 2022 17:57:55 下午 edu.hdu.G1g4locat.Bootstrap logJVM
INFO : Server version:		How2J DiyTomcat/1.0.1
02 01, 2022 17:57:55 下午 edu.hdu.G1g4locat.Bootstrap logJVM
INFO : Server built:		2020-04-08 10:20:22
02 01, 2022 17:57:55 下午 edu.hdu.G1g4locat.Bootstrap logJVM
INFO : Server number:		1.0.1
02 01, 2022 17:57:55 下午 edu.hdu.G1g4locat.Bootstrap logJVM
INFO : OS Name	:		Windows 10
02 01, 2022 17:57:55 下午 edu.hdu.G1g4locat.Bootstrap logJVM
INFO : OS Version:		10.0
02 01, 2022 17:57:55 下午 edu.hdu.G1g4locat.Bootstrap logJVM
INFO : Architecture:		amd64
02 01, 2022 17:57:55 下午 edu.hdu.G1g4locat.Bootstrap logJVM
INFO : Java Home:		D:\Develop\jdk-11.0.10
02 01, 2022 17:57:55 下午 edu.hdu.G1g4locat.Bootstrap logJVM
INFO : JVM Version:		11.0.10+8-LTS-162
02 01, 2022 17:57:55 下午 edu.hdu.G1g4locat.Bootstrap logJVM
INFO : JVM Vendor:		Oracle Corporation
02 01, 2022 17:57:55 下午 edu.hdu.G1g4locat.catalina.Context <init>
INFO : Deploying web application directory F:\dev\G1g4loCat\webapps\a
02 01, 2022 17:57:55 下午 edu.hdu.G1g4locat.catalina.Context <init>
INFO : Deploying of web application directory F:\dev\G1g4loCat\webapps\a has finished in 0 ms
02 01, 2022 17:57:55 下午 edu.hdu.G1g4locat.catalina.Context <init>
INFO : Deploying web application directory F:\dev\G1g4loCat\webapps\ROOT
02 01, 2022 17:57:55 下午 edu.hdu.G1g4locat.catalina.Context <init>
INFO : Deploying of web application directory F:\dev\G1g4loCat\webapps\ROOT has finished in 0 ms
02 01, 2022 19:16:46 下午 edu.hdu.G1g4locat.Bootstrap logJVM
INFO : Server version:		How2J DiyTomcat/1.0.1
02 01, 2022 19:16:46 下午 edu.hdu.G1g4locat.Bootstrap logJVM
INFO : Server built:		2020-04-08 10:20:22
02 01, 2022 19:16:46 下午 edu.hdu.G1g4locat.Bootstrap logJVM
INFO : Server number:		1.0.1
02 01, 2022 19:16:46 下午 edu.hdu.G1g4locat.Bootstrap logJVM
INFO : OS Name	:		Windows 10
02 01, 2022 19:16:46 下午 edu.hdu.G1g4locat.Bootstrap logJVM
INFO : OS Version:		10.0
02 01, 2022 19:16:46 下午 edu.hdu.G1g4locat.Bootstrap logJVM
INFO : Architecture:		amd64
02 01, 2022 19:16:46 下午 edu.hdu.G1g4locat.Bootstrap logJVM
INFO : Java Home:		D:\Develop\jdk-11.0.10
02 01, 2022 19:16:46 下午 edu.hdu.G1g4locat.Bootstrap logJVM
INFO : JVM Version:		11.0.10+8-LTS-162
02 01, 2022 19:16:46 下午 edu.hdu.G1g4locat.Bootstrap logJVM
INFO : JVM Vendor:		Oracle Corporation
02 01, 2022 19:16:46 下午 edu.hdu.G1g4locat.catalina.Context <init>
INFO : Deploying web application directory F:\dev\G1g4loCat\webapps\a
02 01, 2022 19:16:46 下午 edu.hdu.G1g4locat.catalina.Context <init>
INFO : Deploying of web application directory F:\dev\G1g4loCat\webapps\a has finished in 0 ms
02 01, 2022 19:16:46 下午 edu.hdu.G1g4locat.catalina.Context <init>
INFO : Deploying web application directory F:\dev\G1g4loCat\webapps\ROOT
02 01, 2022 19:16:46 下午 edu.hdu.G1g4locat.catalina.Context <init>
INFO : Deploying of web application directory F:\dev\G1g4loCat\webapps\ROOT has finished in 0 ms
