02 05, 2022 19:20:32 下午 edu.hdu.G1g4locat.Bootstrap logJVM
INFO : Server version:		How2J DiyTomcat/1.0.1
02 05, 2022 19:20:32 下午 edu.hdu.G1g4locat.Bootstrap logJVM
INFO : Server built:		2020-04-08 10:20:22
02 05, 2022 19:20:32 下午 edu.hdu.G1g4locat.Bootstrap logJVM
INFO : Server number:		1.0.1
02 05, 2022 19:20:32 下午 edu.hdu.G1g4locat.Bootstrap logJVM
INFO : OS Name	:		Windows 10
02 05, 2022 19:20:32 下午 edu.hdu.G1g4locat.Bootstrap logJVM
INFO : OS Version:		10.0
02 05, 2022 19:20:32 下午 edu.hdu.G1g4locat.Bootstrap logJVM
INFO : Architecture:		amd64
02 05, 2022 19:20:32 下午 edu.hdu.G1g4locat.Bootstrap logJVM
INFO : Java Home:		D:\Develop\jdk-11.0.10
02 05, 2022 19:20:32 下午 edu.hdu.G1g4locat.Bootstrap logJVM
INFO : JVM Version:		11.0.10+8-LTS-162
02 05, 2022 19:20:32 下午 edu.hdu.G1g4locat.Bootstrap logJVM
INFO : JVM Vendor:		Oracle Corporation
02 05, 2022 19:20:33 下午 edu.hdu.G1g4locat.catalina.Context <init>
INFO : Deploying web application directory F:\dev\G1g4loCat\webapps\a
02 05, 2022 19:20:33 下午 edu.hdu.G1g4locat.catalina.Context <init>
INFO : Deploying of web application directory F:\dev\G1g4loCat\webapps\a has finished in 0 ms
02 05, 2022 19:20:33 下午 edu.hdu.G1g4locat.catalina.Context <init>
INFO : Deploying web application directory F:\dev\G1g4loCat\webapps\ROOT
02 05, 2022 19:20:33 下午 edu.hdu.G1g4locat.catalina.Context <init>
INFO : Deploying of web application directory F:\dev\G1g4loCat\webapps\ROOT has finished in 0 ms
02 05, 2022 19:20:33 下午 edu.hdu.G1g4locat.catalina.Context <init>
INFO : Deploying web application directory F:/dev/G0g4loCat/b
02 05, 2022 19:20:33 下午 edu.hdu.G1g4locat.catalina.Context <init>
INFO : Deploying of web application directory F:/dev/G0g4loCat/b has finished in 0 ms
02 05, 2022 19:21:27 下午 edu.hdu.G1g4locat.Bootstrap logJVM
INFO : Server version:		How2J DiyTomcat/1.0.1
02 05, 2022 19:21:27 下午 edu.hdu.G1g4locat.Bootstrap logJVM
INFO : Server built:		2020-04-08 10:20:22
02 05, 2022 19:21:27 下午 edu.hdu.G1g4locat.Bootstrap logJVM
INFO : Server number:		1.0.1
02 05, 2022 19:21:27 下午 edu.hdu.G1g4locat.Bootstrap logJVM
INFO : OS Name	:		Windows 10
02 05, 2022 19:21:27 下午 edu.hdu.G1g4locat.Bootstrap logJVM
INFO : OS Version:		10.0
02 05, 2022 19:21:27 下午 edu.hdu.G1g4locat.Bootstrap logJVM
INFO : Architecture:		amd64
02 05, 2022 19:21:27 下午 edu.hdu.G1g4locat.Bootstrap logJVM
INFO : Java Home:		D:\Develop\jdk-11.0.10
02 05, 2022 19:21:27 下午 edu.hdu.G1g4locat.Bootstrap logJVM
INFO : JVM Version:		11.0.10+8-LTS-162
02 05, 2022 19:21:27 下午 edu.hdu.G1g4locat.Bootstrap logJVM
INFO : JVM Vendor:		Oracle Corporation
02 05, 2022 19:22:23 下午 edu.hdu.G1g4locat.Bootstrap logJVM
INFO : Server version:		How2J DiyTomcat/1.0.1
02 05, 2022 19:22:23 下午 edu.hdu.G1g4locat.Bootstrap logJVM
INFO : Server built:		2020-04-08 10:20:22
02 05, 2022 19:22:23 下午 edu.hdu.G1g4locat.Bootstrap logJVM
INFO : Server number:		1.0.1
02 05, 2022 19:22:23 下午 edu.hdu.G1g4locat.Bootstrap logJVM
INFO : OS Name	:		Windows 10
02 05, 2022 19:22:23 下午 edu.hdu.G1g4locat.Bootstrap logJVM
INFO : OS Version:		10.0
02 05, 2022 19:22:23 下午 edu.hdu.G1g4locat.Bootstrap logJVM
INFO : Architecture:		amd64
02 05, 2022 19:22:23 下午 edu.hdu.G1g4locat.Bootstrap logJVM
INFO : Java Home:		D:\Develop\jdk-11.0.10
02 05, 2022 19:22:23 下午 edu.hdu.G1g4locat.Bootstrap logJVM
INFO : JVM Version:		11.0.10+8-LTS-162
02 05, 2022 19:22:23 下午 edu.hdu.G1g4locat.Bootstrap logJVM
INFO : JVM Vendor:		Oracle Corporation
02 05, 2022 19:22:34 下午 edu.hdu.G1g4locat.Bootstrap logJVM
INFO : Server version:		How2J DiyTomcat/1.0.1
02 05, 2022 19:22:34 下午 edu.hdu.G1g4locat.Bootstrap logJVM
INFO : Server built:		2020-04-08 10:20:22
02 05, 2022 19:22:34 下午 edu.hdu.G1g4locat.Bootstrap logJVM
INFO : Server number:		1.0.1
02 05, 2022 19:22:34 下午 edu.hdu.G1g4locat.Bootstrap logJVM
INFO : OS Name	:		Windows 10
02 05, 2022 19:22:34 下午 edu.hdu.G1g4locat.Bootstrap logJVM
INFO : OS Version:		10.0
02 05, 2022 19:22:34 下午 edu.hdu.G1g4locat.Bootstrap logJVM
INFO : Architecture:		amd64
02 05, 2022 19:22:34 下午 edu.hdu.G1g4locat.Bootstrap logJVM
INFO : Java Home:		D:\Develop\jdk-11.0.10
02 05, 2022 19:22:34 下午 edu.hdu.G1g4locat.Bootstrap logJVM
INFO : JVM Version:		11.0.10+8-LTS-162
02 05, 2022 19:22:34 下午 edu.hdu.G1g4locat.Bootstrap logJVM
INFO : JVM Vendor:		Oracle Corporation
02 05, 2022 19:24:22 下午 edu.hdu.G1g4locat.Bootstrap logJVM
INFO : Server version:		How2J DiyTomcat/1.0.1
02 05, 2022 19:24:22 下午 edu.hdu.G1g4locat.Bootstrap logJVM
INFO : Server built:		2020-04-08 10:20:22
02 05, 2022 19:24:22 下午 edu.hdu.G1g4locat.Bootstrap logJVM
INFO : Server number:		1.0.1
02 05, 2022 19:24:22 下午 edu.hdu.G1g4locat.Bootstrap logJVM
INFO : OS Name	:		Windows 10
02 05, 2022 19:24:22 下午 edu.hdu.G1g4locat.Bootstrap logJVM
INFO : OS Version:		10.0
02 05, 2022 19:24:22 下午 edu.hdu.G1g4locat.Bootstrap logJVM
INFO : Architecture:		amd64
02 05, 2022 19:24:22 下午 edu.hdu.G1g4locat.Bootstrap logJVM
INFO : Java Home:		D:\Develop\jdk-11.0.10
02 05, 2022 19:24:22 下午 edu.hdu.G1g4locat.Bootstrap logJVM
INFO : JVM Version:		11.0.10+8-LTS-162
02 05, 2022 19:24:22 下午 edu.hdu.G1g4locat.Bootstrap logJVM
INFO : JVM Vendor:		Oracle Corporation
02 05, 2022 19:24:22 下午 edu.hdu.G1g4locat.catalina.Context <init>
INFO : Deploying web application directory F:\dev\G1g4loCat\webapps\a
02 05, 2022 19:24:22 下午 edu.hdu.G1g4locat.catalina.Context <init>
INFO : Deploying of web application directory F:\dev\G1g4loCat\webapps\a has finished in 0 ms
02 05, 2022 19:24:22 下午 edu.hdu.G1g4locat.catalina.Context <init>
INFO : Deploying web application directory F:\dev\G1g4loCat\webapps\ROOT
02 05, 2022 19:24:22 下午 edu.hdu.G1g4locat.catalina.Context <init>
INFO : Deploying of web application directory F:\dev\G1g4loCat\webapps\ROOT has finished in 1 ms
02 05, 2022 19:24:22 下午 edu.hdu.G1g4locat.catalina.Context <init>
INFO : Deploying web application directory F:/dev/G0g4loCat/b
02 05, 2022 19:24:22 下午 edu.hdu.G1g4locat.catalina.Context <init>
INFO : Deploying of web application directory F:/dev/G0g4loCat/b has finished in 0 ms
02 05, 2022 19:26:55 下午 edu.hdu.G1g4locat.Bootstrap logJVM
INFO : Server version:		How2J DiyTomcat/1.0.1
02 05, 2022 19:26:55 下午 edu.hdu.G1g4locat.Bootstrap logJVM
INFO : Server built:		2020-04-08 10:20:22
02 05, 2022 19:26:55 下午 edu.hdu.G1g4locat.Bootstrap logJVM
INFO : Server number:		1.0.1
02 05, 2022 19:26:55 下午 edu.hdu.G1g4locat.Bootstrap logJVM
INFO : OS Name	:		Windows 10
02 05, 2022 19:26:55 下午 edu.hdu.G1g4locat.Bootstrap logJVM
INFO : OS Version:		10.0
02 05, 2022 19:26:55 下午 edu.hdu.G1g4locat.Bootstrap logJVM
INFO : Architecture:		amd64
02 05, 2022 19:26:55 下午 edu.hdu.G1g4locat.Bootstrap logJVM
INFO : Java Home:		D:\Develop\jdk-11.0.10
02 05, 2022 19:26:55 下午 edu.hdu.G1g4locat.Bootstrap logJVM
INFO : JVM Version:		11.0.10+8-LTS-162
02 05, 2022 19:26:55 下午 edu.hdu.G1g4locat.Bootstrap logJVM
INFO : JVM Vendor:		Oracle Corporation
02 05, 2022 19:26:56 下午 edu.hdu.G1g4locat.catalina.Context <init>
INFO : Deploying web application directory F:\dev\G1g4loCat\webapps\a
02 05, 2022 19:26:56 下午 edu.hdu.G1g4locat.catalina.Context <init>
INFO : Deploying of web application directory F:\dev\G1g4loCat\webapps\a has finished in 0 ms
02 05, 2022 19:26:56 下午 edu.hdu.G1g4locat.catalina.Context <init>
INFO : Deploying web application directory F:\dev\G1g4loCat\webapps\ROOT
02 05, 2022 19:26:56 下午 edu.hdu.G1g4locat.catalina.Context <init>
INFO : Deploying of web application directory F:\dev\G1g4loCat\webapps\ROOT has finished in 0 ms
02 05, 2022 19:26:56 下午 edu.hdu.G1g4locat.catalina.Context <init>
INFO : Deploying web application directory F:/dev/G0g4loCat/b
02 05, 2022 19:26:56 下午 edu.hdu.G1g4locat.catalina.Context <init>
INFO : Deploying of web application directory F:/dev/G0g4loCat/b has finished in 0 ms
02 05, 2022 19:27:23 下午 edu.hdu.G1g4locat.Bootstrap logJVM
INFO : Server version:		How2J DiyTomcat/1.0.1
02 05, 2022 19:27:23 下午 edu.hdu.G1g4locat.Bootstrap logJVM
INFO : Server built:		2020-04-08 10:20:22
02 05, 2022 19:27:23 下午 edu.hdu.G1g4locat.Bootstrap logJVM
INFO : Server number:		1.0.1
02 05, 2022 19:27:23 下午 edu.hdu.G1g4locat.Bootstrap logJVM
INFO : OS Name	:		Windows 10
02 05, 2022 19:27:23 下午 edu.hdu.G1g4locat.Bootstrap logJVM
INFO : OS Version:		10.0
02 05, 2022 19:27:23 下午 edu.hdu.G1g4locat.Bootstrap logJVM
INFO : Architecture:		amd64
02 05, 2022 19:27:23 下午 edu.hdu.G1g4locat.Bootstrap logJVM
INFO : Java Home:		D:\Develop\jdk-11.0.10
02 05, 2022 19:27:23 下午 edu.hdu.G1g4locat.Bootstrap logJVM
INFO : JVM Version:		11.0.10+8-LTS-162
02 05, 2022 19:27:23 下午 edu.hdu.G1g4locat.Bootstrap logJVM
INFO : JVM Vendor:		Oracle Corporation
02 05, 2022 19:27:23 下午 edu.hdu.G1g4locat.catalina.Context <init>
INFO : Deploying web application directory F:\dev\G1g4loCat\webapps\a
02 05, 2022 19:27:23 下午 edu.hdu.G1g4locat.catalina.Context <init>
INFO : Deploying of web application directory F:\dev\G1g4loCat\webapps\a has finished in 1 ms
02 05, 2022 19:27:23 下午 edu.hdu.G1g4locat.catalina.Context <init>
INFO : Deploying web application directory F:\dev\G1g4loCat\webapps\ROOT
02 05, 2022 19:27:23 下午 edu.hdu.G1g4locat.catalina.Context <init>
INFO : Deploying of web application directory F:\dev\G1g4loCat\webapps\ROOT has finished in 0 ms
02 05, 2022 19:27:23 下午 edu.hdu.G1g4locat.catalina.Context <init>
INFO : Deploying web application directory F:/dev/G0g4loCat/b
02 05, 2022 19:27:23 下午 edu.hdu.G1g4locat.catalina.Context <init>
INFO : Deploying of web application directory F:/dev/G0g4loCat/b has finished in 0 ms
02 05, 2022 19:35:26 下午 edu.hdu.G1g4locat.Bootstrap logJVM
INFO : Server version:		How2J DiyTomcat/1.0.1
02 05, 2022 19:35:26 下午 edu.hdu.G1g4locat.Bootstrap logJVM
INFO : Server built:		2020-04-08 10:20:22
02 05, 2022 19:35:26 下午 edu.hdu.G1g4locat.Bootstrap logJVM
INFO : Server number:		1.0.1
02 05, 2022 19:35:26 下午 edu.hdu.G1g4locat.Bootstrap logJVM
INFO : OS Name	:		Windows 10
02 05, 2022 19:35:26 下午 edu.hdu.G1g4locat.Bootstrap logJVM
INFO : OS Version:		10.0
02 05, 2022 19:35:26 下午 edu.hdu.G1g4locat.Bootstrap logJVM
INFO : Architecture:		amd64
02 05, 2022 19:35:26 下午 edu.hdu.G1g4locat.Bootstrap logJVM
INFO : Java Home:		D:\Develop\jdk-11.0.10
02 05, 2022 19:35:26 下午 edu.hdu.G1g4locat.Bootstrap logJVM
INFO : JVM Version:		11.0.10+8-LTS-162
02 05, 2022 19:35:26 下午 edu.hdu.G1g4locat.Bootstrap logJVM
INFO : JVM Vendor:		Oracle Corporation
02 05, 2022 19:35:26 下午 edu.hdu.G1g4locat.catalina.Context <init>
INFO : Deploying web application directory F:\dev\G1g4loCat\webapps\a
02 05, 2022 19:35:26 下午 edu.hdu.G1g4locat.catalina.Context <init>
INFO : Deploying of web application directory F:\dev\G1g4loCat\webapps\a has finished in 0 ms
02 05, 2022 19:35:26 下午 edu.hdu.G1g4locat.catalina.Context <init>
INFO : Deploying web application directory F:\dev\G1g4loCat\webapps\ROOT
02 05, 2022 19:35:26 下午 edu.hdu.G1g4locat.catalina.Context <init>
INFO : Deploying of web application directory F:\dev\G1g4loCat\webapps\ROOT has finished in 0 ms
02 05, 2022 19:35:26 下午 edu.hdu.G1g4locat.catalina.Context <init>
INFO : Deploying web application directory F:/dev/G0g4loCat/b
02 05, 2022 19:35:26 下午 edu.hdu.G1g4locat.catalina.Context <init>
INFO : Deploying of web application directory F:/dev/G0g4loCat/b has finished in 0 ms
02 05, 2022 19:37:35 下午 edu.hdu.G1g4locat.Bootstrap logJVM
INFO : Server version:		How2J DiyTomcat/1.0.1
02 05, 2022 19:37:35 下午 edu.hdu.G1g4locat.Bootstrap logJVM
INFO : Server built:		2020-04-08 10:20:22
02 05, 2022 19:37:35 下午 edu.hdu.G1g4locat.Bootstrap logJVM
INFO : Server number:		1.0.1
02 05, 2022 19:37:35 下午 edu.hdu.G1g4locat.Bootstrap logJVM
INFO : OS Name	:		Windows 10
02 05, 2022 19:37:35 下午 edu.hdu.G1g4locat.Bootstrap logJVM
INFO : OS Version:		10.0
02 05, 2022 19:37:35 下午 edu.hdu.G1g4locat.Bootstrap logJVM
INFO : Architecture:		amd64
02 05, 2022 19:37:35 下午 edu.hdu.G1g4locat.Bootstrap logJVM
INFO : Java Home:		D:\Develop\jdk-11.0.10
02 05, 2022 19:37:35 下午 edu.hdu.G1g4locat.Bootstrap logJVM
INFO : JVM Version:		11.0.10+8-LTS-162
02 05, 2022 19:37:35 下午 edu.hdu.G1g4locat.Bootstrap logJVM
INFO : JVM Vendor:		Oracle Corporation
02 05, 2022 19:37:35 下午 edu.hdu.G1g4locat.catalina.Context <init>
INFO : Deploying web application directory F:\dev\G1g4loCat\webapps\a
02 05, 2022 19:37:35 下午 edu.hdu.G1g4locat.catalina.Context <init>
INFO : Deploying of web application directory F:\dev\G1g4loCat\webapps\a has finished in 10 ms
02 05, 2022 19:37:35 下午 edu.hdu.G1g4locat.catalina.Context <init>
INFO : Deploying web application directory F:\dev\G1g4loCat\webapps\ROOT
02 05, 2022 19:37:35 下午 edu.hdu.G1g4locat.catalina.Context <init>
INFO : Deploying of web application directory F:\dev\G1g4loCat\webapps\ROOT has finished in 0 ms
02 05, 2022 19:37:35 下午 edu.hdu.G1g4locat.catalina.Context <init>
INFO : Deploying web application directory F:/dev/G1g4loCat/b
02 05, 2022 19:37:35 下午 edu.hdu.G1g4locat.catalina.Context <init>
INFO : Deploying of web application directory F:/dev/G1g4loCat/b has finished in 0 ms
