01 30, 2022 21:58:17 下午 edu.hdu.G1g4locat.Bootstrap logJVM
INFO : Server version:		How2J DiyTomcat/1.0.1
01 30, 2022 21:58:17 下午 edu.hdu.G1g4locat.Bootstrap logJVM
INFO : Server built:		2020-04-08 10:20:22
01 30, 2022 21:58:17 下午 edu.hdu.G1g4locat.Bootstrap logJVM
INFO : Server number:		1.0.1
01 30, 2022 21:58:17 下午 edu.hdu.G1g4locat.Bootstrap logJVM
INFO : OS Name	:		Windows 10
01 30, 2022 21:58:17 下午 edu.hdu.G1g4locat.Bootstrap logJVM
INFO : OS Version:		10.0
01 30, 2022 21:58:17 下午 edu.hdu.G1g4locat.Bootstrap logJVM
INFO : Architecture:		amd64
01 30, 2022 21:58:17 下午 edu.hdu.G1g4locat.Bootstrap logJVM
INFO : Java Home:		D:\Develop\jdk-11.0.10
01 30, 2022 21:58:17 下午 edu.hdu.G1g4locat.Bootstrap logJVM
INFO : JVM Version:		11.0.10+8-LTS-162
01 30, 2022 21:58:17 下午 edu.hdu.G1g4locat.Bootstrap logJVM
INFO : JVM Vendor:		Oracle Corporation
01 30, 2022 22:05:28 下午 edu.hdu.G1g4locat.Bootstrap logJVM
INFO : Server version:		How2J DiyTomcat/1.0.1
01 30, 2022 22:05:28 下午 edu.hdu.G1g4locat.Bootstrap logJVM
INFO : Server built:		2020-04-08 10:20:22
01 30, 2022 22:05:28 下午 edu.hdu.G1g4locat.Bootstrap logJVM
INFO : Server number:		1.0.1
01 30, 2022 22:05:28 下午 edu.hdu.G1g4locat.Bootstrap logJVM
INFO : OS Name	:		Windows 10
01 30, 2022 22:05:28 下午 edu.hdu.G1g4locat.Bootstrap logJVM
INFO : OS Version:		10.0
01 30, 2022 22:05:28 下午 edu.hdu.G1g4locat.Bootstrap logJVM
INFO : Architecture:		amd64
01 30, 2022 22:05:28 下午 edu.hdu.G1g4locat.Bootstrap logJVM
INFO : Java Home:		D:\Develop\jdk-11.0.10
01 30, 2022 22:05:28 下午 edu.hdu.G1g4locat.Bootstrap logJVM
INFO : JVM Version:		11.0.10+8-LTS-162
01 30, 2022 22:05:28 下午 edu.hdu.G1g4locat.Bootstrap logJVM
INFO : JVM Vendor:		Oracle Corporation
