02 13, 2022 22:17:32 下午 edu.hdu.G1g4locat.catalina.Context <init>
INFO : Deploying web application directory F:\dev\G1g4loCat\webapps\a
02 13, 2022 22:17:32 下午 edu.hdu.G1g4locat.catalina.Context <init>
INFO : Deploying of web application directory F:\dev\G1g4loCat\webapps\a has finished in 255 ms
02 13, 2022 22:17:32 下午 edu.hdu.G1g4locat.catalina.Context <init>
INFO : Deploying web application directory F:\dev\G1g4loCat\webapps\ROOT
02 13, 2022 22:17:32 下午 edu.hdu.G1g4locat.catalina.Context <init>
INFO : Deploying of web application directory F:\dev\G1g4loCat\webapps\ROOT has finished in 0 ms
02 13, 2022 22:17:32 下午 edu.hdu.G1g4locat.catalina.Context <init>
INFO : Deploying web application directory F:/dev/G1g4loCat/b
02 13, 2022 22:17:32 下午 edu.hdu.G1g4locat.catalina.Context <init>
INFO : Deploying of web application directory F:/dev/G1g4loCat/b has finished in 0 ms
02 13, 2022 22:17:32 下午 edu.hdu.G1g4locat.catalina.Server logJVM
INFO : Server version:		How2J DiyTomcat/1.0.1
02 13, 2022 22:17:32 下午 edu.hdu.G1g4locat.catalina.Server logJVM
INFO : Server built:		2020-04-08 10:20:22
02 13, 2022 22:17:32 下午 edu.hdu.G1g4locat.catalina.Server logJVM
INFO : Server number:		1.0.1
02 13, 2022 22:17:32 下午 edu.hdu.G1g4locat.catalina.Server logJVM
INFO : OS Name	:		Windows 10
02 13, 2022 22:17:32 下午 edu.hdu.G1g4locat.catalina.Server logJVM
INFO : OS Version:		10.0
02 13, 2022 22:17:32 下午 edu.hdu.G1g4locat.catalina.Server logJVM
INFO : Architecture:		amd64
02 13, 2022 22:17:32 下午 edu.hdu.G1g4locat.catalina.Server logJVM
INFO : Java Home:		D:\Develop\jdk-11.0.10
02 13, 2022 22:17:32 下午 edu.hdu.G1g4locat.catalina.Server logJVM
INFO : JVM Version:		11.0.10+8-LTS-162
02 13, 2022 22:17:32 下午 edu.hdu.G1g4locat.catalina.Server logJVM
INFO : JVM Vendor:		Oracle Corporation
